2015-03-30 10:26:21 [INFO] Starting minecraft server version 1.5.2
2015-03-30 10:26:21 [INFO] MinecraftForge v
2015-03-30 10:26:21 [INFO] 7.8.1.738
2015-03-30 10:26:21 [INFO]  Initialized

2015-03-30 10:26:21 [INFO] Replaced 85 ore recipies
2015-03-30 10:26:24 [INFO] [Crafting Dead] Pre-Load initialized!
2015-03-30 10:26:24 [INFO] [CDC] Loaded Properties File!
2015-03-30 10:26:28 [INFO] [Crafting Dead] Pre-Load complete!
2015-03-30 10:26:28 [INFO] Loading properties
2015-03-30 10:26:28 [WARNING] server.properties does not exist
2015-03-30 10:26:28 [INFO] Generating new properties file
2015-03-30 10:26:28 [INFO] Default game type: SURVIVAL
2015-03-30 10:26:28 [INFO] Generating keypair
2015-03-30 10:26:28 [INFO] Starting Minecraft server on *:25565
2015-03-30 10:26:29 [INFO] This server is running CraftBukkit version git-MCPC-Plus-jenkins-MCPC-Plus-Legacy-617 (MC: 1.5.2) (Implementing API version 1.5.2-R1.1-SNAPSHOT)
2015-03-30 10:26:29 [INFO] Adding biome mapping 28 Zombie Forest at BiomeBase[28]
2015-03-30 10:26:29 [INFO] Adding biome mapping 29 Zombie Desert at BiomeBase[29]
2015-03-30 10:26:29 [INFO] Adding biome mapping 30 Zombie Plains at BiomeBase[30]
2015-03-30 10:26:29 [INFO] Adding biome mapping 31 Zombie Snow at BiomeBase[31]
2015-03-30 10:26:29 [INFO] Adding biome mapping 32 Zombie Wasteland at BiomeBase[32]
2015-03-30 10:26:30 [WARNING] Failed to load operators list: java.io.FileNotFoundException: ./ops.txt (No such file or directory)
2015-03-30 10:26:30 [WARNING] Failed to load white-list: java.io.FileNotFoundException: ./white-list.txt (No such file or directory)
2015-03-30 10:26:30 [INFO] [Crafting Dead] Main Loading initialized!
2015-03-30 10:26:30 [INFO] [Crafting Dead] Main Loading complete!
2015-03-30 10:26:30 [INFO] [Crafting Dead] Post Load initialized!
2015-03-30 10:26:30 [INFO] [Crafting Dead] Post Load complete!
2015-03-30 10:26:30 [INFO] Preparing level "world"
2015-03-30 10:26:30 [INFO] Registered command debug with permission node vanilla.command.debug
2015-03-30 10:26:30 [INFO] Registered command scoreboard with permission node vanilla.command.scoreboard
2015-03-30 10:26:31 [INFO] Preparing start region for level 0 (Dimension: 0, Seed: -4440334412779098439)
2015-03-30 10:26:31 [INFO] Preparing start region for level 1 (Dimension: 1, Seed: -4440334412779098439)
2015-03-30 10:26:32 [INFO] Preparing start region for level 2 (Dimension: -1, Seed: -4440334412779098439)
2015-03-30 10:26:32 [INFO] Preparing spawn area: 40%
2015-03-30 10:26:32 [INFO] Done (2.012s)! For help, type "help" or "?"
2015-03-30 10:26:32 [INFO] [Crafting Dead] FDSCompound: No file to load! Save Data first!
2015-03-30 10:26:32 [INFO] 0
2015-03-30 10:26:32 [INFO] [CDC] FDSCompound: Server Loaded
2015-03-30 10:26:32 [INFO] Registered command cdhelp with permission node com.f3rullo14.cdc.common.commands.CommandHelp
2015-03-30 10:26:32 [INFO] Registered command cdrestore with permission node com.f3rullo14.cdc.common.commands.CommandRestore
2015-03-30 10:26:32 [INFO] Registered command rspawnadd with permission node com.f3rullo14.cdc.common.commands.CommandRspawnAdd
2015-03-30 10:26:32 [INFO] Registered command rspawn with permission node com.f3rullo14.cdc.common.commands.CommandRspawn
2015-03-30 10:26:32 [INFO] Registered command rspawnremove with permission node com.f3rullo14.cdc.common.commands.CommandRspawnRemove
2015-03-30 10:26:32 [INFO] Registered command cdhumanity with permission node com.f3rullo14.cdc.common.commands.CommandHumanity
2015-03-30 10:26:32 [INFO] Registered command cdbase-small with permission node com.f3rullo14.cdc.common.commands.CommandBaseSmall
2015-03-30 10:26:32 [INFO] Registered command cdbase-medium with permission node com.f3rullo14.cdc.common.commands.CommandBaseMedium
2015-03-30 10:26:32 [INFO] Registered command cdbase-large with permission node com.f3rullo14.cdc.common.commands.CommandBaseLarge
2015-03-30 10:26:32 [INFO] Registered command cdSupplyDrop with permission node com.f3rullo14.cdc.common.commands.CommandSupplyDrop
2015-03-30 10:26:32 [INFO] Registered command cdSupplyDropAdd with permission node com.f3rullo14.cdc.common.commands.CommandSDAddSpawn
2015-03-30 10:26:32 [INFO] Registered command cdSupplyDropRemove with permission node com.f3rullo14.cdc.common.commands.CommandSDRemove
2015-03-30 10:26:32 [INFO] Registered command cdClearLag with permission node com.f3rullo14.cdc.common.commands.CommandClearLag
2015-03-30 10:28:43 [INFO] zwicker_[/124.170.181.52:63703] logged in with entity id 1 at ([world] 38.5, 66.0, 238.5)
2015-03-30 10:29:02 [INFO] zwicker_ suffocated in a wall
2015-03-30 10:29:45 [INFO] zwicker_ issued server command: /
2015-03-30 10:29:51 [INFO] zwicker_ issued server command: /help
2015-03-30 10:30:04 [INFO] zwicker_ issued server command: /version
2015-03-30 10:36:07 [INFO] Starting minecraft server version 1.5.2
2015-03-30 10:36:07 [INFO] MinecraftForge v
2015-03-30 10:36:07 [INFO] 7.8.1.738
2015-03-30 10:36:07 [INFO]  Initialized

2015-03-30 10:36:08 [INFO] Replaced 85 ore recipies
2015-03-30 10:36:10 [INFO] [Crafting Dead] Pre-Load initialized!
2015-03-30 10:36:10 [INFO] [CDC] Loaded Properties File!
2015-03-30 10:36:14 [INFO] [Crafting Dead] Pre-Load complete!
2015-03-30 10:36:14 [INFO] Loading properties
2015-03-30 10:36:14 [INFO] Default game type: SURVIVAL
2015-03-30 10:36:14 [INFO] Generating keypair
2015-03-30 10:36:15 [INFO] Starting Minecraft server on *:25565
2015-03-30 10:36:15 [INFO] This server is running CraftBukkit version git-MCPC-Plus-jenkins-MCPC-Plus-Legacy-617 (MC: 1.5.2) (Implementing API version 1.5.2-R1.1-SNAPSHOT)
2015-03-30 10:36:16 [INFO] Adding biome mapping 28 Zombie Forest at BiomeBase[28]
2015-03-30 10:36:16 [INFO] Adding biome mapping 29 Zombie Desert at BiomeBase[29]
2015-03-30 10:36:16 [INFO] Adding biome mapping 30 Zombie Plains at BiomeBase[30]
2015-03-30 10:36:16 [INFO] Adding biome mapping 31 Zombie Snow at BiomeBase[31]
2015-03-30 10:36:16 [INFO] Adding biome mapping 32 Zombie Wasteland at BiomeBase[32]
2015-03-30 10:36:16 [INFO] [Crafting Dead] Main Loading initialized!
2015-03-30 10:36:16 [INFO] [Crafting Dead] Main Loading complete!
2015-03-30 10:36:16 [INFO] [Crafting Dead] Post Load initialized!
2015-03-30 10:36:16 [INFO] [Crafting Dead] Post Load complete!
2015-03-30 10:36:17 [INFO] Preparing level "world"
2015-03-30 10:36:17 [INFO] Registered command debug with permission node vanilla.command.debug
2015-03-30 10:36:17 [INFO] Registered command scoreboard with permission node vanilla.command.scoreboard
2015-03-30 10:36:17 [INFO] Preparing start region for level 0 (Dimension: 0, Seed: -8380495905178917272)
2015-03-30 10:36:18 [INFO] Preparing start region for level 1 (Dimension: 1, Seed: -4440334412779098439)
2015-03-30 10:36:18 [INFO] Preparing start region for level 2 (Dimension: -1, Seed: -8380495905178917272)
2015-03-30 10:36:18 [INFO] Preparing spawn area: 52%
2015-03-30 10:36:18 [INFO] Server permissions file permissions.yml is empty, ignoring it
2015-03-30 10:36:18 [INFO] Done (1.928s)! For help, type "help" or "?"
2015-03-30 10:36:18 [INFO] [Crafting Dead] FDSCompound: No file to load! Save Data first!
2015-03-30 10:36:18 [INFO] 0
2015-03-30 10:36:18 [INFO] [CDC] FDSCompound: Server Loaded
2015-03-30 10:36:18 [INFO] Registered command cdhelp with permission node com.f3rullo14.cdc.common.commands.CommandHelp
2015-03-30 10:36:18 [INFO] Registered command cdrestore with permission node com.f3rullo14.cdc.common.commands.CommandRestore
2015-03-30 10:36:18 [INFO] Registered command rspawnadd with permission node com.f3rullo14.cdc.common.commands.CommandRspawnAdd
2015-03-30 10:36:18 [INFO] Registered command rspawn with permission node com.f3rullo14.cdc.common.commands.CommandRspawn
2015-03-30 10:36:18 [INFO] Registered command rspawnremove with permission node com.f3rullo14.cdc.common.commands.CommandRspawnRemove
2015-03-30 10:36:18 [INFO] Registered command cdhumanity with permission node com.f3rullo14.cdc.common.commands.CommandHumanity
2015-03-30 10:36:18 [INFO] Registered command cdbase-small with permission node com.f3rullo14.cdc.common.commands.CommandBaseSmall
2015-03-30 10:36:18 [INFO] Registered command cdbase-medium with permission node com.f3rullo14.cdc.common.commands.CommandBaseMedium
2015-03-30 10:36:18 [INFO] Registered command cdbase-large with permission node com.f3rullo14.cdc.common.commands.CommandBaseLarge
2015-03-30 10:36:18 [INFO] Registered command cdSupplyDrop with permission node com.f3rullo14.cdc.common.commands.CommandSupplyDrop
2015-03-30 10:36:18 [INFO] Registered command cdSupplyDropAdd with permission node com.f3rullo14.cdc.common.commands.CommandSDAddSpawn
2015-03-30 10:36:18 [INFO] Registered command cdSupplyDropRemove with permission node com.f3rullo14.cdc.common.commands.CommandSDRemove
2015-03-30 10:36:18 [INFO] Registered command cdClearLag with permission node com.f3rullo14.cdc.common.commands.CommandClearLag
2015-03-30 10:36:35 [INFO] zwicker_[/124.170.181.52:55293] logged in with entity id 1 at ([world] -0.5541111451080258, 98.0, 262.00360917656735)
2015-03-30 10:36:43 [INFO] Unknown command. Type "help" for help.[m
2015-03-30 10:36:43 [INFO] zwicker_ fell from a high place
2015-03-30 10:36:47 [INFO] Unknown command. Type "help" for help.[m
2015-03-30 10:36:53 [INFO] [0;33;1m--------- [0;37;1mHelp: Index [0;33;1m---------------------------[m
2015-03-30 10:36:53 [INFO] [0;37;22mUse /help [n] to get page n of help.[m
2015-03-30 10:36:53 [INFO] [0;33;22mAliases: [0;37;1mLists command aliases[m
2015-03-30 10:36:53 [INFO] [0;33;22mBukkit: [0;37;1mAll commands for Bukkit[m
2015-03-30 10:36:53 [INFO] [0;33;22m/ban: [0;37;1mPrevents the specified player from using this server[m
2015-03-30 10:36:53 [INFO] [0;33;22m/ban-ip: [0;37;1mPrevents the specified IP address from using this server[m
2015-03-30 10:36:53 [INFO] [0;33;22m/banlist: [0;37;1mView all players banned from this server[m
2015-03-30 10:36:53 [INFO] [0;33;22m/clear: [0;37;1mClears the player's inventory. Can specify item and data filters too.[m
2015-03-30 10:36:53 [INFO] [0;33;22m/defaultgamemode: [0;37;1mSet the default gamemode[m
2015-03-30 10:36:53 [INFO] [0;33;22m/deop: [0;37;1mTakes the specified player's operator status[m
2015-03-30 10:36:53 [INFO] [0;33;22m/difficulty: [0;37;1mSets the game difficulty[m
2015-03-30 10:36:53 [INFO] [0;33;22m/effect: [0;37;1mAdds/Removes effects on players[m
2015-03-30 10:36:53 [INFO] [0;33;22m/enchant: [0;37;1mAdds enchantments to the item the player is currently holding. Specify 0 for the level to remove an enchantment. Specify force to ignore normal enchantment restrictions[m
2015-03-30 10:36:53 [INFO] [0;33;22m/gamemode: [0;37;1mChanges the player to a specific game mode[m
2015-03-30 10:36:53 [INFO] [0;33;22m/gamerule: [0;37;1mSets a server's game rules[m
2015-03-30 10:36:53 [INFO] [0;33;22m/give: [0;37;1mGives the specified player a certain amount of items[m
2015-03-30 10:36:53 [INFO] [0;33;22m/help: [0;37;1mShows the help menu[m
2015-03-30 10:36:53 [INFO] [0;33;22m/kick: [0;37;1mRemoves the specified player from the server[m
2015-03-30 10:36:53 [INFO] [0;33;22m/kill: [0;37;1mCommits suicide, only usable as a player[m
2015-03-30 10:36:53 [INFO] [0;33;22m/list: [0;37;1mLists all online players[m
2015-03-30 10:36:53 [INFO] [0;33;22m/me: [0;37;1mPerforms the specified action in chat[m
2015-03-30 10:36:53 [INFO] [0;33;22m/op: [0;37;1mGives the specified player operator status[m
2015-03-30 10:36:53 [INFO] [0;33;22m/pardon: [0;37;1mAllows the specified player to use this server[m
2015-03-30 10:36:53 [INFO] [0;33;22m/pardon-ip: [0;37;1mAllows the specified IP address to use this server[m
2015-03-30 10:36:53 [INFO] [0;33;22m/plugins: [0;37;1mGets a list of plugins running on the server[m
2015-03-30 10:36:53 [INFO] [0;33;22m/reload: [0;37;1mReloads the server configuration and plugins[m
2015-03-30 10:36:53 [INFO] [0;33;22m/restart: [0;37;1mRestarts the server[m
2015-03-30 10:36:53 [INFO] [0;33;22m/save-all: [0;37;1mSaves the server to disk[m
2015-03-30 10:36:53 [INFO] [0;33;22m/save-off: [0;37;1mDisables server autosaving[m
2015-03-30 10:36:53 [INFO] [0;33;22m/save-on: [0;37;1mEnables server autosaving[m
2015-03-30 10:36:53 [INFO] [0;33;22m/say: [0;37;1mBroadcasts the given message as the console[m
2015-03-30 10:36:53 [INFO] [0;33;22m/scoreboard: [0;37;1mScoreboard control[m
2015-03-30 10:36:53 [INFO] [0;33;22m/seed: [0;37;1mShows the world seed[m
2015-03-30 10:36:53 [INFO] [0;33;22m/spawnpoint: [0;37;1mSets a player's spawn point[m
2015-03-30 10:36:53 [INFO] [0;33;22m/stop: [0;37;1mStops the server with optional reason[m
2015-03-30 10:36:53 [INFO] [0;33;22m/tell: [0;37;1mSends a private message to the given player[m
2015-03-30 10:36:53 [INFO] [0;33;22m/testfor: [0;37;1mTests whether a specifed player is online[m
2015-03-30 10:36:53 [INFO] [0;33;22m/time: [0;37;1mChanges the time on each world[m
2015-03-30 10:36:53 [INFO] [0;33;22m/timings: [0;37;1mRecords timings for all plugin events[m
2015-03-30 10:36:53 [INFO] [0;33;22m/toggledownfall: [0;37;1mToggles rain on/off on a given world[m
2015-03-30 10:36:53 [INFO] [0;33;22m/tp: [0;37;1mTeleports the given player (or yourself) to another player or coordinates[m
2015-03-30 10:36:53 [INFO] [0;33;22m/tps: [0;37;1mGets the current ticks per second for the server[m
2015-03-30 10:36:53 [INFO] [0;33;22m/version: [0;37;1mGets the version of this server including any plugins in use[m
2015-03-30 10:36:53 [INFO] [0;33;22m/weather: [0;37;1mChanges the weather[m
2015-03-30 10:36:53 [INFO] [0;33;22m/whitelist: [0;37;1mManages the list of players allowed to use this server[m
2015-03-30 10:36:53 [INFO] [0;33;22m/xp: [0;37;1mGives the specified player a certain amount of experience. Specify <amount>L to give levels instead, with a negative amount resulting in taking levels.[m
2015-03-30 10:36:58 [INFO] Unknown command. Type "help" for help.[m
2015-03-30 10:37:02 [INFO] [0;31;1mUsage: /op <player>[m
2015-03-30 10:37:07 [INFO] CONSOLE: Opped zwicker_[m
2015-03-30 10:43:44 [INFO] Starting minecraft server version 1.5.2
2015-03-30 10:43:44 [INFO] MinecraftForge v
2015-03-30 10:43:44 [INFO] 7.8.1.738
2015-03-30 10:43:44 [INFO]  Initialized

2015-03-30 10:43:45 [INFO] Replaced 85 ore recipies
2015-03-30 10:43:47 [INFO] [Crafting Dead] Pre-Load initialized!
2015-03-30 10:43:47 [INFO] [CDC] Loaded Properties File!
2015-03-30 10:43:51 [INFO] [Crafting Dead] Pre-Load complete!
2015-03-30 10:43:51 [INFO] Loading properties
2015-03-30 10:43:51 [INFO] Default game type: CREATIVE
2015-03-30 10:43:51 [INFO] Generating keypair
2015-03-30 10:43:51 [INFO] Starting Minecraft server on *:25565
2015-03-30 10:43:52 [INFO] This server is running CraftBukkit version git-MCPC-Plus-jenkins-MCPC-Plus-Legacy-617 (MC: 1.5.2) (Implementing API version 1.5.2-R1.1-SNAPSHOT)
2015-03-30 10:43:52 [INFO] Adding biome mapping 28 Zombie Forest at BiomeBase[28]
2015-03-30 10:43:52 [INFO] Adding biome mapping 29 Zombie Desert at BiomeBase[29]
2015-03-30 10:43:52 [INFO] Adding biome mapping 30 Zombie Plains at BiomeBase[30]
2015-03-30 10:43:52 [INFO] Adding biome mapping 31 Zombie Snow at BiomeBase[31]
2015-03-30 10:43:52 [INFO] Adding biome mapping 32 Zombie Wasteland at BiomeBase[32]
2015-03-30 10:43:53 [INFO] [Crafting Dead] Main Loading initialized!
2015-03-30 10:43:53 [INFO] [Crafting Dead] Main Loading complete!
2015-03-30 10:43:53 [INFO] [Crafting Dead] Post Load initialized!
2015-03-30 10:43:53 [INFO] [Crafting Dead] Post Load complete!
2015-03-30 10:43:53 [INFO] Preparing level "world"
2015-03-30 10:43:53 [INFO] Registered command debug with permission node vanilla.command.debug
2015-03-30 10:43:53 [INFO] Registered command scoreboard with permission node vanilla.command.scoreboard
2015-03-30 10:43:54 [INFO] Preparing start region for level 0 (Dimension: 0, Seed: 551097131177422553)
2015-03-30 10:43:54 [INFO] Preparing start region for level 1 (Dimension: 1, Seed: -4440334412779098439)
2015-03-30 10:43:54 [INFO] Preparing start region for level 2 (Dimension: -1, Seed: 551097131177422553)
2015-03-30 10:43:54 [INFO] Server permissions file permissions.yml is empty, ignoring it
2015-03-30 10:43:55 [INFO] Done (1.651s)! For help, type "help" or "?"
2015-03-30 10:43:55 [INFO] [Crafting Dead] FDSCompound: No file to load! Save Data first!
2015-03-30 10:43:55 [INFO] 0
2015-03-30 10:43:55 [INFO] [CDC] FDSCompound: Server Loaded
2015-03-30 10:43:55 [INFO] Registered command cdhelp with permission node com.f3rullo14.cdc.common.commands.CommandHelp
2015-03-30 10:43:55 [INFO] Registered command cdrestore with permission node com.f3rullo14.cdc.common.commands.CommandRestore
2015-03-30 10:43:55 [INFO] Registered command rspawnadd with permission node com.f3rullo14.cdc.common.commands.CommandRspawnAdd
2015-03-30 10:43:55 [INFO] Registered command rspawn with permission node com.f3rullo14.cdc.common.commands.CommandRspawn
2015-03-30 10:43:55 [INFO] Registered command rspawnremove with permission node com.f3rullo14.cdc.common.commands.CommandRspawnRemove
2015-03-30 10:43:55 [INFO] Registered command cdhumanity with permission node com.f3rullo14.cdc.common.commands.CommandHumanity
2015-03-30 10:43:55 [INFO] Registered command cdbase-small with permission node com.f3rullo14.cdc.common.commands.CommandBaseSmall
2015-03-30 10:43:55 [INFO] Registered command cdbase-medium with permission node com.f3rullo14.cdc.common.commands.CommandBaseMedium
2015-03-30 10:43:55 [INFO] Registered command cdbase-large with permission node com.f3rullo14.cdc.common.commands.CommandBaseLarge
2015-03-30 10:43:55 [INFO] Registered command cdSupplyDrop with permission node com.f3rullo14.cdc.common.commands.CommandSupplyDrop
2015-03-30 10:43:55 [INFO] Registered command cdSupplyDropAdd with permission node com.f3rullo14.cdc.common.commands.CommandSDAddSpawn
2015-03-30 10:43:55 [INFO] Registered command cdSupplyDropRemove with permission node com.f3rullo14.cdc.common.commands.CommandSDRemove
2015-03-30 10:43:55 [INFO] Registered command cdClearLag with permission node com.f3rullo14.cdc.common.commands.CommandClearLag
2015-03-30 10:44:10 [INFO] zwicker_[/124.170.181.52:49233] logged in with entity id 1 at ([world] -0.5541111451080258, 70.0, 262.00360917656735)
2015-03-30 10:44:59 [INFO] zwicker_ issued server command: /help
2015-03-30 10:45:12 [INFO] zwicker_ issued server command: /gamemode: 1
2015-03-30 10:45:20 [INFO] zwicker_ issued server command: /gamemode: creative
2015-03-30 10:45:35 [INFO] zwicker_ issued server command: /defaultgamemode: 1
2015-03-30 10:45:41 [INFO] zwicker_ issued server command: /defaultgamemode: creative
2015-03-30 10:45:50 [INFO] zwicker_ issued server command: /defaultgamemode creative
2015-03-30 10:45:50 [INFO] zwicker_: Default game mode set to creative[m
2015-03-30 10:45:58 [INFO] zwicker_ issued server command: /gamemode
2015-03-30 10:46:09 [INFO] zwicker_ issued server command: /gamemode creative zwicker_
2015-03-30 10:46:09 [INFO] zwicker_: Set own game mode to CREATIVE mode[m
2015-03-30 10:47:37 [INFO] zwicker_ lost connection: disconnect.quitting
2015-03-30 10:47:37 [INFO] Connection reset
2015-03-30 10:47:53 [INFO] Unknown command. Type "help" for help.[m
2015-03-30 10:48:00 [INFO] CONSOLE: Default game mode set to survival[m
